<html>
<head>
<title>TestNG:  chrometest</title>
<link href="../testng.css" rel="stylesheet" type="text/css" />
<link href="../my-testng.css" rel="stylesheet" type="text/css" />

<style type="text/css">
.log { display: none;} 
.stack-trace { display: none;} 
</style>
<script type="text/javascript">
<!--
function flip(e) {
  current = e.style.display;
  if (current == 'block') {
    e.style.display = 'none';
    return 0;
  }
  else {
    e.style.display = 'block';
    return 1;
  }
}

function toggleBox(szDivId, elem, msg1, msg2)
{
  var res = -1;  if (document.getElementById) {
    res = flip(document.getElementById(szDivId));
  }
  else if (document.all) {
    // this is the way old msie versions work
    res = flip(document.all[szDivId]);
  }
  if(elem) {
    if(res == 0) elem.innerHTML = msg1; else elem.innerHTML = msg2;
  }

}

function toggleAllBoxes() {
  if (document.getElementsByTagName) {
    d = document.getElementsByTagName('div');
    for (i = 0; i < d.length; i++) {
      if (d[i].className == 'log') {
        flip(d[i]);
      }
    }
  }
}

// -->
</script>

</head>
<body>
<h2 align='center'>chrometest</h2><table border='1' align="center">
<tr>
<td>Tests passed/Failed/Skipped:</td><td>25/1/0</td>
</tr><tr>
<td>Started on:</td><td>Mon Nov 25 21:42:27 IST 2024</td>
</tr>
<tr><td>Total time:</td><td>202 seconds (202895 ms)</td>
</tr><tr>
<td>Included groups:</td><td></td>
</tr><tr>
<td>Excluded groups:</td><td></td>
</tr>
</table><p/>
<small><i>(Hover the method name to see the test class name)</i></small><p/>
<table width='100%' border='1' class='invocation-failed'>
<tr><td colspan='4' align='center'><b>FAILED TESTS</b></td></tr>
<tr><td><b>Test method</b></td>
<td><b>Attribute(s)</b></td>
<td width="30%"><b>Exception</b></td>
<td width="10%"><b>Time (seconds)</b></td>
<td><b>Instance</b></td>
</tr>
<tr>
<td title='testCases.TC_003_LoginDataDrivenTest.verifytest()'><b>verifytest</b><br>Test class: testCases.TC_003_LoginDataDrivenTest<br>Parameters: pavanoltraining@gmail.com, test@123, Valid</td>
<td><div><pre>java.lang.AssertionError: expected [true] but found [false]
	at testCases.TC_003_LoginDataDrivenTest.verifytest(TC_003_LoginDataDrivenTest.java:41)
	at java.base/java.util.ArrayList.forEach(ArrayList.java:1511)
... Removed 31 stack frames</pre></div><a href='#' onClick='toggleBox("stack-trace592048461", this, "Click to show all stack frames", "Click to hide stack frames")'>Click to show all stack frames</a>
<div class='stack-trace' id='stack-trace592048461'><pre>java.lang.AssertionError: expected [true] but found [false]
	at org.testng.Assert.fail(Assert.java:111)
	at org.testng.Assert.failNotEquals(Assert.java:1578)
	at org.testng.Assert.assertTrue(Assert.java:57)
	at org.testng.Assert.assertTrue(Assert.java:67)
	at testCases.TC_003_LoginDataDrivenTest.verifytest(TC_003_LoginDataDrivenTest.java:41)
	at java.base/jdk.internal.reflect.NativeMethodAccessorImpl.invoke0(Native Method)
	at java.base/jdk.internal.reflect.NativeMethodAccessorImpl.invoke(NativeMethodAccessorImpl.java:77)
	at java.base/jdk.internal.reflect.DelegatingMethodAccessorImpl.invoke(DelegatingMethodAccessorImpl.java:43)
	at java.base/java.lang.reflect.Method.invoke(Method.java:568)
	at org.testng.internal.invokers.MethodInvocationHelper.invokeMethod(MethodInvocationHelper.java:139)
	at org.testng.internal.invokers.TestInvoker.invokeMethod(TestInvoker.java:664)
	at org.testng.internal.invokers.TestInvoker.invokeTestMethod(TestInvoker.java:227)
	at org.testng.internal.invokers.MethodRunner.runInSequence(MethodRunner.java:50)
	at org.testng.internal.invokers.TestInvoker$MethodInvocationAgent.invoke(TestInvoker.java:957)
	at org.testng.internal.invokers.TestInvoker.invokeTestMethods(TestInvoker.java:200)
	at org.testng.internal.invokers.TestMethodWorker.invokeTestMethods(TestMethodWorker.java:148)
	at org.testng.internal.invokers.TestMethodWorker.run(TestMethodWorker.java:128)
	at java.base/java.util.ArrayList.forEach(ArrayList.java:1511)
	at org.testng.TestRunner.privateRun(TestRunner.java:848)
	at org.testng.TestRunner.run(TestRunner.java:621)
	at org.testng.SuiteRunner.runTest(SuiteRunner.java:443)
	at org.testng.SuiteRunner.runSequentially(SuiteRunner.java:437)
	at org.testng.SuiteRunner.privateRun(SuiteRunner.java:397)
	at org.testng.SuiteRunner.run(SuiteRunner.java:336)
	at org.testng.SuiteRunnerWorker.runSuite(SuiteRunnerWorker.java:52)
	at org.testng.SuiteRunnerWorker.run(SuiteRunnerWorker.java:95)
	at org.testng.TestNG.runSuitesSequentially(TestNG.java:1280)
	at org.testng.TestNG.runSuitesLocally(TestNG.java:1200)
	at org.testng.TestNG.runSuites(TestNG.java:1114)
	at org.testng.TestNG.run(TestNG.java:1082)
	at org.testng.remote.AbstractRemoteTestNG.run(AbstractRemoteTestNG.java:115)
	at org.testng.remote.RemoteTestNG.initAndRun(RemoteTestNG.java:251)
	at org.testng.remote.RemoteTestNG.main(RemoteTestNG.java:77)
</pre></div></td>
<td>12</td>
<td>testCases.TC_003_LoginDataDrivenTest@53f0a4cb</td></tr>
</table><p>
<table width='100%' border='1' class='invocation-passed'>
<tr><td colspan='4' align='center'><b>PASSED TESTS</b></td></tr>
<tr><td><b>Test method</b></td>
<td><b>Attribute(s)</b></td>
<td width="30%"><b>Exception</b></td>
<td width="10%"><b>Time (seconds)</b></td>
<td><b>Instance</b></td>
</tr>
<tr>
<td title='testCases.TC_004_ForgetPasswordTest.forgetpassword()'><b>forgetpassword</b><br>Test class: testCases.TC_004_ForgetPasswordTest</td>
<td></td>
<td>2</td>
<td>testCases.TC_004_ForgetPasswordTest@77a7cf58</td></tr>
<tr>
<td title='testCases.TC_005_SearchProductTestDDT.searchproduct()'><b>searchproduct</b><br>Test class: testCases.TC_005_SearchProductTestDDT<br>Parameters: dell, Invalid</td>
<td></td>
<td>0</td>
<td>testCases.TC_005_SearchProductTestDDT@3d97a632</td></tr>
<tr>
<td title='testCases.TC_001_AccountRegistrationTest.test_accountRegistration()'><b>test_accountRegistration</b><br>Test class: testCases.TC_001_AccountRegistrationTest</td>
<td></td>
<td>4</td>
<td>testCases.TC_001_AccountRegistrationTest@a43ce46</td></tr>
<tr>
<td title='testCases.TC_002_My_Account_Login.my_accountlogin()'><b>my_accountlogin</b><br>Test class: testCases.TC_002_My_Account_Login</td>
<td></td>
<td>2</td>
<td>testCases.TC_002_My_Account_Login@4d722ac9</td></tr>
<tr>
<td title='testCases.TC_007_ProductDisplayPageTest.ProductDisplayPage()'><b>ProductDisplayPage</b><br>Test class: testCases.TC_007_ProductDisplayPageTest</td>
<td></td>
<td>2</td>
<td>testCases.TC_007_ProductDisplayPageTest@37efd131</td></tr>
<tr>
<td title='testCases.TC_006_ProductCompareTest.CompareProduct()'><b>CompareProduct</b><br>Test class: testCases.TC_006_ProductCompareTest<br>Parameters: MacBook, Valid</td>
<td></td>
<td>1</td>
<td>testCases.TC_006_ProductCompareTest@616fe72b</td></tr>
<tr>
<td title='testCases.TC_005_SearchProductTestDDT.searchproduct()'><b>searchproduct</b><br>Test class: testCases.TC_005_SearchProductTestDDT<br>Parameters: mac, Valid</td>
<td></td>
<td>11</td>
<td>testCases.TC_005_SearchProductTestDDT@3d97a632</td></tr>
<tr>
<td title='testCases.TC_003_LoginDataDrivenTest.verifytest()'><b>verifytest</b><br>Test class: testCases.TC_003_LoginDataDrivenTest<br>Parameters: , , </td>
<td></td>
<td>11</td>
<td>testCases.TC_003_LoginDataDrivenTest@53f0a4cb</td></tr>
<tr>
<td title='testCases.TC_009_AddtoCartTest2.Addtocarttest2()'><b>Addtocarttest2</b><br>Test class: testCases.TC_009_AddtoCartTest2</td>
<td></td>
<td>1</td>
<td>testCases.TC_009_AddtoCartTest2@7e5d9a50</td></tr>
<tr>
<td title='testCases.TC_005_SearchProductTestDDT.searchproduct()'><b>searchproduct</b><br>Test class: testCases.TC_005_SearchProductTestDDT<br>Parameters: samsung, Valid</td>
<td></td>
<td>10</td>
<td>testCases.TC_005_SearchProductTestDDT@3d97a632</td></tr>
<tr>
<td title='testCases.TC_005_SearchProductTestDDT.searchproduct()'><b>searchproduct</b><br>Test class: testCases.TC_005_SearchProductTestDDT<br>Parameters: MacBook, Valid</td>
<td></td>
<td>10</td>
<td>testCases.TC_005_SearchProductTestDDT@3d97a632</td></tr>
<tr>
<td title='testCases.TC_003_LoginDataDrivenTest.verifytest()'><b>verifytest</b><br>Test class: testCases.TC_003_LoginDataDrivenTest<br>Parameters: laksh@yahoo.com, Lakshmi, Valid</td>
<td></td>
<td>2</td>
<td>testCases.TC_003_LoginDataDrivenTest@53f0a4cb</td></tr>
<tr>
<td title='testCases.TC_006_ProductCompareTest.CompareProduct()'><b>CompareProduct</b><br>Test class: testCases.TC_006_ProductCompareTest<br>Parameters: iPhone, Valid</td>
<td></td>
<td>1</td>
<td>testCases.TC_006_ProductCompareTest@616fe72b</td></tr>
<tr>
<td title='testCases.TC_003_LoginDataDrivenTest.verifytest()'><b>verifytest</b><br>Test class: testCases.TC_003_LoginDataDrivenTest<br>Parameters: lakshmi@yahoo.com, Laxmi, Valid</td>
<td></td>
<td>2</td>
<td>testCases.TC_003_LoginDataDrivenTest@53f0a4cb</td></tr>
<tr>
<td title='testCases.TC_005_SearchProductTestDDT.searchproduct()'><b>searchproduct</b><br>Test class: testCases.TC_005_SearchProductTestDDT<br>Parameters: abcd, Invalid</td>
<td></td>
<td>0</td>
<td>testCases.TC_005_SearchProductTestDDT@3d97a632</td></tr>
<tr>
<td title='testCases.TC_006_ProductCompareTest.CompareProduct()'><b>CompareProduct</b><br>Test class: testCases.TC_006_ProductCompareTest<br>Parameters: iMac, Valid</td>
<td></td>
<td>1</td>
<td>testCases.TC_006_ProductCompareTest@616fe72b</td></tr>
<tr>
<td title='testCases.TC_003_LoginDataDrivenTest.verifytest()'><b>verifytest</b><br>Test class: testCases.TC_003_LoginDataDrivenTest<br>Parameters: laks@yahoo.com, xyz, Invalid</td>
<td></td>
<td>11</td>
<td>testCases.TC_003_LoginDataDrivenTest@53f0a4cb</td></tr>
<tr>
<td title='testCases.TC_010_AddtoWishListTestDDT.addtoWishListTest()'><b>addtoWishListTest</b><br>Test class: testCases.TC_010_AddtoWishListTestDDT<br>Parameters: Iphone, Valid</td>
<td></td>
<td>4</td>
<td>testCases.TC_010_AddtoWishListTestDDT@60957c0f</td></tr>
<tr>
<td title='testCases.TC_012_Validate_Updating_UserDeatils.Updating_UserDeatils()'><b>Updating_UserDeatils</b><br>Test class: testCases.TC_012_Validate_Updating_UserDeatils</td>
<td></td>
<td>25</td>
<td>testCases.TC_012_Validate_Updating_UserDeatils@fcb4004</td></tr>
<tr>
<td title='testCases.TC_008_AddtoCartTest1.AddtoCartTest1()'><b>AddtoCartTest1</b><br>Test class: testCases.TC_008_AddtoCartTest1</td>
<td></td>
<td>1</td>
<td>testCases.TC_008_AddtoCartTest1@7e7b159b</td></tr>
<tr>
<td title='testCases.TC_010_AddtoWishListTestDDT.addtoWishListTest()'><b>addtoWishListTest</b><br>Test class: testCases.TC_010_AddtoWishListTestDDT<br>Parameters: iMac, Valid</td>
<td></td>
<td>5</td>
<td>testCases.TC_010_AddtoWishListTestDDT@60957c0f</td></tr>
<tr>
<td title='testCases.TC_010_AddtoWishListTestDDT.addtoWishListTest()'><b>addtoWishListTest</b><br>Test class: testCases.TC_010_AddtoWishListTestDDT<br>Parameters: Samsung SyncMaster 941BW, Valid</td>
<td></td>
<td>4</td>
<td>testCases.TC_010_AddtoWishListTestDDT@60957c0f</td></tr>
<tr>
<td title='testCases.TC_003_LoginDataDrivenTest.verifytest()'><b>verifytest</b><br>Test class: testCases.TC_003_LoginDataDrivenTest<br>Parameters: , , </td>
<td></td>
<td>11</td>
<td>testCases.TC_003_LoginDataDrivenTest@53f0a4cb</td></tr>
<tr>
<td title='testCases.TC_011_Validate_Shopping_Cart_page.Validate_ShopingCartPage()'><b>Validate_ShopingCartPage</b><br>Test class: testCases.TC_011_Validate_Shopping_Cart_page</td>
<td></td>
<td>5</td>
<td>testCases.TC_011_Validate_Shopping_Cart_page@293a5f75</td></tr>
<tr>
<td title='testCases.TC_003_LoginDataDrivenTest.verifytest()'><b>verifytest</b><br>Test class: testCases.TC_003_LoginDataDrivenTest<br>Parameters: abc123@gmail.com, test@123, Valid</td>
<td></td>
<td>2</td>
<td>testCases.TC_003_LoginDataDrivenTest@53f0a4cb</td></tr>
</table><p>
</body>
</html>