<?xml version="1.0" encoding="UTF-8"?>
<!-- Generated by org.testng.reporters.JUnitXMLReporter -->
<testsuite ignored="0" hostname="DESKTOP-KK1SMTI" failures="1" tests="26" name="chrometest" time="202.895" errors="0" timestamp="2024-11-25T21:45:52 IST">
  <testcase classname="testCases.TC_001_AccountRegistrationTest" name="test_accountRegistration" time="4.598"/>
  <testcase classname="testCases.TC_002_My_Account_Login" name="my_accountlogin" time="2.433"/>
  <testcase classname="testCases.TC_003_LoginDataDrivenTest" name="verifytest" time="12.059">
    <failure type="java.lang.AssertionError" message="expected [true] but found [false]">
      <![CDATA[java.lang.AssertionError: expected [true] but found [false]
at testCases.TC_003_LoginDataDrivenTest.verifytest(TC_003_LoginDataDrivenTest.java:41)
at java.base/java.util.ArrayList.forEach(ArrayList.java:1511)
... Removed 31 stack frames]]>
    </failure>
  </testcase> <!-- verifytest -->
  <testcase classname="testCases.TC_003_LoginDataDrivenTest" name="verifytest" time="2.151"/>
  <testcase classname="testCases.TC_003_LoginDataDrivenTest" name="verifytest" time="2.244"/>
  <testcase classname="testCases.TC_003_LoginDataDrivenTest" name="verifytest" time="11.446"/>
  <testcase classname="testCases.TC_003_LoginDataDrivenTest" name="verifytest" time="2.064"/>
  <testcase classname="testCases.TC_003_LoginDataDrivenTest" name="verifytest" time="11.544"/>
  <testcase classname="testCases.TC_003_LoginDataDrivenTest" name="verifytest" time="11.138"/>
  <testcase classname="testCases.TC_004_ForgetPasswordTest" name="forgetpassword" time="2.719"/>
  <testcase classname="testCases.TC_005_SearchProductTestDDT" name="searchproduct" time="11.105"/>
  <testcase classname="testCases.TC_005_SearchProductTestDDT" name="searchproduct" time="0.7"/>
  <testcase classname="testCases.TC_005_SearchProductTestDDT" name="searchproduct" time="10.575"/>
  <testcase classname="testCases.TC_005_SearchProductTestDDT" name="searchproduct" time="10.786"/>
  <testcase classname="testCases.TC_005_SearchProductTestDDT" name="searchproduct" time="0.899"/>
  <testcase classname="testCases.TC_006_ProductCompareTest" name="CompareProduct" time="1.514"/>
  <testcase classname="testCases.TC_006_ProductCompareTest" name="CompareProduct" time="1.482"/>
  <testcase classname="testCases.TC_006_ProductCompareTest" name="CompareProduct" time="1.372"/>
  <testcase classname="testCases.TC_007_ProductDisplayPageTest" name="ProductDisplayPage" time="2.347"/>
  <testcase classname="testCases.TC_008_AddtoCartTest1" name="AddtoCartTest1" time="1.48"/>
  <testcase classname="testCases.TC_009_AddtoCartTest2" name="Addtocarttest2" time="1.979"/>
  <testcase classname="testCases.TC_010_AddtoWishListTestDDT" name="addtoWishListTest" time="5.085"/>
  <testcase classname="testCases.TC_010_AddtoWishListTestDDT" name="addtoWishListTest" time="4.479"/>
  <testcase classname="testCases.TC_010_AddtoWishListTestDDT" name="addtoWishListTest" time="4.353"/>
  <testcase classname="testCases.TC_011_Validate_Shopping_Cart_page" name="Validate_ShopingCartPage" time="5.226"/>
  <testcase classname="testCases.TC_012_Validate_Updating_UserDeatils" name="Updating_UserDeatils" time="25.739"/>
</testsuite> <!-- chrometest -->
