<?xml version="1.0" encoding="UTF-8"?>
<!-- Generated by org.testng.reporters.JUnitXMLReporter -->
<testsuite ignored="0" hostname="DESKTOP-KK1SMTI" failures="2" tests="5" name="edgetest" time="73.803" errors="0" timestamp="2024-07-13T21:08:57 IST">
  <testcase classname="testCases.TC_005_SearchProductTestDDT" name="searchproduct" time="14.911"/>
  <testcase classname="testCases.TC_005_SearchProductTestDDT" name="searchproduct" time="3.81"/>
  <testcase classname="testCases.TC_005_SearchProductTestDDT" name="searchproduct" time="3.906">
    <failure type="java.lang.AssertionError" message="null">
      <![CDATA[java.lang.AssertionError: null
at testCases.TC_005_SearchProductTestDDT.searchproduct(TC_005_SearchProductTestDDT.java:32)
at java.base/java.util.ArrayList.forEach(ArrayList.java:1511)
... Removed 29 stack frames]]>
    </failure>
  </testcase> <!-- searchproduct -->
  <testcase classname="testCases.TC_005_SearchProductTestDDT" name="searchproduct" time="13.97"/>
  <testcase classname="testCases.TC_005_SearchProductTestDDT" name="searchproduct" time="14.106">
    <failure type="java.lang.AssertionError" message="null">
      <![CDATA[java.lang.AssertionError: null
at testCases.TC_005_SearchProductTestDDT.searchproduct(TC_005_SearchProductTestDDT.java:41)
at java.base/java.util.ArrayList.forEach(ArrayList.java:1511)
... Removed 29 stack frames]]>
    </failure>
  </testcase> <!-- searchproduct -->
</testsuite> <!-- edgetest -->
