<?xml version="1.0" encoding="UTF-8"?>
<!-- Generated by org.testng.reporters.JUnitXMLReporter -->
<testsuite ignored="0" hostname="DESKTOP-KK1SMTI" failures="1" tests="5" name="firefoxtest" time="15.365" errors="0" timestamp="2024-07-13T21:09:13 IST">
  <testcase classname="testCases.TC_006_ProductCompareTest" name="CompareProduct" time="1.009"/>
  <testcase classname="testCases.TC_006_ProductCompareTest" name="CompareProduct" time="0.635"/>
  <testcase classname="testCases.TC_006_ProductCompareTest" name="CompareProduct" time="0.613"/>
  <testcase classname="testCases.TC_006_ProductCompareTest" name="CompareProduct" time="0.674">
    <failure type="java.lang.AssertionError" message="null">
      <![CDATA[java.lang.AssertionError: null
at testCases.TC_006_ProductCompareTest.CompareProduct(TC_006_ProductCompareTest.java:30)
at java.base/java.util.ArrayList.forEach(ArrayList.java:1511)
... Removed 29 stack frames]]>
    </failure>
  </testcase> <!-- CompareProduct -->
  <testcase classname="testCases.TC_006_ProductCompareTest" name="CompareProduct" time="0.632"/>
</testsuite> <!-- firefoxtest -->
