<?xml version="1.0" encoding="UTF-8"?>
<!-- Generated by org.testng.reporters.JUnitXMLReporter -->
<testsuite ignored="0" hostname="DESKTOP-KK1SMTI" failures="1" tests="2" name="mytest2" time="53.483" errors="0" timestamp="2024-12-07T23:45:47 IST">
  <testcase classname="testCases.TC_014_Validate_CouponCode_Functionality" name="CouponCode_Functionality" time="9.937"/>
  <testcase classname="testCases.TC_015_Validate_GiftCertificate_Functionality" name="GiftCertficate" time="5.316">
    <failure type="java.lang.AssertionError" message="expected [true] but found [false]">
      <![CDATA[java.lang.AssertionError: expected [true] but found [false]
at testCases.TC_015_Validate_GiftCertificate_Functionality.GiftCertficate(TC_015_Validate_GiftCertificate_Functionality.java:46)
at java.base/java.util.ArrayList.forEach(ArrayList.java:1511)
... Removed 31 stack frames]]>
    </failure>
  </testcase> <!-- GiftCertficate -->
</testsuite> <!-- mytest2 -->
