<?xml version="1.0" encoding="UTF-8"?>
<!-- Generated by org.testng.reporters.JUnitXMLReporter -->
<testsuite ignored="0" hostname="DESKTOP-KK1SMTI" failures="1" tests="7" name="mytest" time="72.044" errors="0" timestamp="2025-07-16T11:24:13 IST">
  <testcase classname="testCases.TC_003_LoginDataDrivenTest" name="verifytest" time="12.284">
    <failure type="java.lang.AssertionError" message="expected [true] but found [false]">
      <![CDATA[java.lang.AssertionError: expected [true] but found [false]
at testCases.TC_003_LoginDataDrivenTest.verifytest(TC_003_LoginDataDrivenTest.java:41)
at java.base/java.util.ArrayList.forEach(ArrayList.java:1511)
... Removed 31 stack frames]]>
    </failure>
  </testcase> <!-- verifytest -->
  <testcase classname="testCases.TC_003_LoginDataDrivenTest" name="verifytest" time="2.647"/>
  <testcase classname="testCases.TC_003_LoginDataDrivenTest" name="verifytest" time="2.769"/>
  <testcase classname="testCases.TC_003_LoginDataDrivenTest" name="verifytest" time="12.114"/>
  <testcase classname="testCases.TC_003_LoginDataDrivenTest" name="verifytest" time="2.797"/>
  <testcase classname="testCases.TC_003_LoginDataDrivenTest" name="verifytest" time="12.4"/>
  <testcase classname="testCases.TC_003_LoginDataDrivenTest" name="verifytest" time="12.196"/>
</testsuite> <!-- mytest -->
