<?xml version="1.0" encoding="UTF-8"?>
<!-- Generated by org.testng.reporters.JUnitXMLReporter -->
<testsuite ignored="0" hostname="DESKTOP-KK1SMTI" failures="2" tests="30" name="mytest1" time="411.15" errors="0" timestamp="2024-12-08T16:33:39 IST">
  <testcase classname="testCases.TC_001_AccountRegistrationTest" name="test_accountRegistration" time="12.279"/>
  <testcase classname="testCases.TC_002_My_Account_Login" name="my_accountlogin" time="5.43"/>
  <testcase classname="testCases.TC_003_LoginDataDrivenTest" name="verifytest" time="13.327">
    <failure type="java.lang.AssertionError" message="expected [true] but found [false]">
      <![CDATA[java.lang.AssertionError: expected [true] but found [false]
at testCases.TC_003_LoginDataDrivenTest.verifytest(TC_003_LoginDataDrivenTest.java:41)
at java.base/java.util.ArrayList.forEach(ArrayList.java:1511)
... Removed 31 stack frames]]>
    </failure>
  </testcase> <!-- verifytest -->
  <testcase classname="testCases.TC_003_LoginDataDrivenTest" name="verifytest" time="3.376"/>
  <testcase classname="testCases.TC_003_LoginDataDrivenTest" name="verifytest" time="2.88"/>
  <testcase classname="testCases.TC_003_LoginDataDrivenTest" name="verifytest" time="11.951"/>
  <testcase classname="testCases.TC_003_LoginDataDrivenTest" name="verifytest" time="2.552"/>
  <testcase classname="testCases.TC_003_LoginDataDrivenTest" name="verifytest" time="11.959"/>
  <testcase classname="testCases.TC_003_LoginDataDrivenTest" name="verifytest" time="11.98"/>
  <testcase classname="testCases.TC_004_ForgetPasswordTest" name="forgetpassword" time="4.468"/>
  <testcase classname="testCases.TC_005_SearchProductTestDDT" name="searchproduct" time="11.669"/>
  <testcase classname="testCases.TC_005_SearchProductTestDDT" name="searchproduct" time="1.195"/>
  <testcase classname="testCases.TC_005_SearchProductTestDDT" name="searchproduct" time="10.965"/>
  <testcase classname="testCases.TC_005_SearchProductTestDDT" name="searchproduct" time="11.714"/>
  <testcase classname="testCases.TC_005_SearchProductTestDDT" name="searchproduct" time="1.737"/>
  <testcase classname="testCases.TC_006_ProductCompareTest" name="CompareProduct" time="4.544"/>
  <testcase classname="testCases.TC_006_ProductCompareTest" name="CompareProduct" time="3.107"/>
  <testcase classname="testCases.TC_006_ProductCompareTest" name="CompareProduct" time="2.08"/>
  <testcase classname="testCases.TC_007_ProductDisplayPageTest" name="ProductDisplayPage" time="3.905"/>
  <testcase classname="testCases.TC_008_AddtoCartTest1" name="AddtoCartTest1" time="1.693"/>
  <testcase classname="testCases.TC_009_AddtoCartTest2" name="Addtocarttest2" time="2.693"/>
  <testcase classname="testCases.TC_010_AddtoWishListTestDDT" name="addtoWishListTest" time="5.395"/>
  <testcase classname="testCases.TC_010_AddtoWishListTestDDT" name="addtoWishListTest" time="5.001"/>
  <testcase classname="testCases.TC_010_AddtoWishListTestDDT" name="addtoWishListTest" time="4.971"/>
  <testcase classname="testCases.TC_011_Validate_Shopping_Cart_page" name="Validate_ShopingCartPage" time="13.079">
    <failure type="java.lang.AssertionError" message="expected [true] but found [false]">
      <![CDATA[java.lang.AssertionError: expected [true] but found [false]
at testCases.TC_011_Validate_Shopping_Cart_page.Validate_ShopingCartPage(TC_011_Validate_Shopping_Cart_page.java:42)
at java.base/java.util.ArrayList.forEach(ArrayList.java:1511)
... Removed 31 stack frames]]>
    </failure>
  </testcase> <!-- Validate_ShopingCartPage -->
  <testcase classname="testCases.TC_012_Validate_Updating_UserDeatils" name="Updating_UserDeatils" time="31.948"/>
  <testcase classname="testCases.TC_013_Validate_ReviewOnProduct" name="ReviewOnProduct" time="24.934"/>
  <testcase classname="testCases.TC_014_Validate_CouponCode_Functionality" name="CouponCode_Functionality" time="11.467"/>
  <testcase classname="testCases.TC_015_Validate_GiftCertificate_Functionality" name="GiftCertficate" time="16.785"/>
  <testcase classname="testCases.TC_016_Validate_EstimateShippingandTaxes_functionality" name="EstimateShippingAndTaxes" time="20.442"/>
</testsuite> <!-- mytest1 -->
