<?xml version="1.0" encoding="UTF-8"?>
<!-- Generated by org.testng.reporters.JUnitXMLReporter -->
<testsuite ignored="0" hostname="DESKTOP-KK1SMTI" failures="1" tests="30" name="mytest1" time="342.295" errors="0" timestamp="2024-12-09T11:12:24 IST">
  <testcase classname="testCases.TC_001_AccountRegistrationTest" name="test_accountRegistration" time="5.204"/>
  <testcase classname="testCases.TC_002_My_Account_Login" name="my_accountlogin" time="3.707"/>
  <testcase classname="testCases.TC_003_LoginDataDrivenTest" name="verifytest" time="11.919">
    <failure type="java.lang.AssertionError" message="expected [true] but found [false]">
      <![CDATA[java.lang.AssertionError: expected [true] but found [false]
at testCases.TC_003_LoginDataDrivenTest.verifytest(TC_003_LoginDataDrivenTest.java:41)
at java.base/java.util.ArrayList.forEach(ArrayList.java:1511)
... Removed 31 stack frames]]>
    </failure>
  </testcase> <!-- verifytest -->
  <testcase classname="testCases.TC_003_LoginDataDrivenTest" name="verifytest" time="4.279"/>
  <testcase classname="testCases.TC_003_LoginDataDrivenTest" name="verifytest" time="3.287"/>
  <testcase classname="testCases.TC_003_LoginDataDrivenTest" name="verifytest" time="12.802"/>
  <testcase classname="testCases.TC_003_LoginDataDrivenTest" name="verifytest" time="3.246"/>
  <testcase classname="testCases.TC_003_LoginDataDrivenTest" name="verifytest" time="12.674"/>
  <testcase classname="testCases.TC_003_LoginDataDrivenTest" name="verifytest" time="11.771"/>
  <testcase classname="testCases.TC_004_ForgetPasswordTest" name="forgetpassword" time="4.578"/>
  <testcase classname="testCases.TC_005_SearchProductTestDDT" name="searchproduct" time="12.644"/>
  <testcase classname="testCases.TC_005_SearchProductTestDDT" name="searchproduct" time="1.391"/>
  <testcase classname="testCases.TC_005_SearchProductTestDDT" name="searchproduct" time="11.345"/>
  <testcase classname="testCases.TC_005_SearchProductTestDDT" name="searchproduct" time="11.543"/>
  <testcase classname="testCases.TC_005_SearchProductTestDDT" name="searchproduct" time="1.185"/>
  <testcase classname="testCases.TC_006_ProductCompareTest" name="CompareProduct" time="2.068"/>
  <testcase classname="testCases.TC_006_ProductCompareTest" name="CompareProduct" time="1.421"/>
  <testcase classname="testCases.TC_006_ProductCompareTest" name="CompareProduct" time="1.468"/>
  <testcase classname="testCases.TC_007_ProductDisplayPageTest" name="ProductDisplayPage" time="3.22"/>
  <testcase classname="testCases.TC_008_AddtoCartTest1" name="AddtoCartTest1" time="2.465"/>
  <testcase classname="testCases.TC_009_AddtoCartTest2" name="Addtocarttest2" time="2.523"/>
  <testcase classname="testCases.TC_010_AddtoWishListTestDDT" name="addtoWishListTest" time="4.195"/>
  <testcase classname="testCases.TC_010_AddtoWishListTestDDT" name="addtoWishListTest" time="4.893"/>
  <testcase classname="testCases.TC_010_AddtoWishListTestDDT" name="addtoWishListTest" time="4.317"/>
  <testcase classname="testCases.TC_011_Validate_Shopping_Cart_page" name="Validate_ShopingCartPage" time="5.458"/>
  <testcase classname="testCases.TC_012_Validate_Updating_UserDeatils" name="Updating_UserDeatils" time="29.463"/>
  <testcase classname="testCases.TC_013_Validate_ReviewOnProduct" name="ReviewOnProduct" time="25.345"/>
  <testcase classname="testCases.TC_014_Validate_CouponCode_Functionality" name="CouponCode_Functionality" time="10.089"/>
  <testcase classname="testCases.TC_015_Validate_GiftCertificate_Functionality" name="GiftCertficate" time="11.534"/>
  <testcase classname="testCases.TC_016_Validate_EstimateShippingandTaxes_functionality" name="EstimateShippingAndTaxes" time="13.902"/>
</testsuite> <!-- mytest1 -->
